<?xml version="1.0" encoding="UTF-8"?>
<!-- Generated by org.testng.reporters.JUnitReportReporter -->
<testsuite hostname="USERMIC-RDKM54R" failures="0" tests="1" name="anotepad_testcase.LoginPageTestCases" time="76.433" errors="0" timestamp="16 Aug 2020 10:37:00 GMT" skipped="0">
  <testcase classname="anotepad_testcase.LoginPageTestCases" name="loginAnotePadWithJombieAcount" time="76.433"/>
</testsuite> <!-- anotepad_testcase.LoginPageTestCases -->
